<?xml version="1.0" encoding="UTF-8"?>
<testsuites>
  <testsuite name="RecipeTest" filepath="test/models/recipe_test.rb" skipped="0" failures="0" errors="0" tests="8" assertions="18" time="0.25468999991426244">
    <testcase name="test_attributes" lineno="6" classname="RecipeTest" assertions="4" time="0.035105999966617674">
    </testcase>
    <testcase name="test_zero_cooking_time_is_incorrect" lineno="65" classname="RecipeTest" assertions="2" time="0.041230999981053174">
    </testcase>
    <testcase name="test_instructions_must_not_be_longer_than_1000_characters" lineno="39" classname="RecipeTest" assertions="2" time="0.042538999987300485">
    </testcase>
    <testcase name="test_cooking_time_must_be_present" lineno="51" classname="RecipeTest" assertions="2" time="0.0427180000115186">
    </testcase>
    <testcase name="test_negative_cooking_time_is_incorrect" lineno="58" classname="RecipeTest" assertions="2" time="0.04165999998804182">
    </testcase>
    <testcase name="test_name_must_not_be_longer_than_100_characters" lineno="20" classname="RecipeTest" assertions="2" time="0.042320000007748604">
    </testcase>
    <testcase name="test_instructions_must_be_present" lineno="32" classname="RecipeTest" assertions="2" time="0.008135000010952353">
    </testcase>
    <testcase name="test_name_must_be_present" lineno="13" classname="RecipeTest" assertions="2" time="0.0009809999610297382">
    </testcase>
  </testsuite>
</testsuites>
