<?xml version="1.0" encoding="UTF-8"?>
<testsuites>
  <testsuite name="IngredientTest" filepath="test/models/ingredient_test.rb" skipped="0" failures="0" errors="0" tests="3" assertions="5" time="0.0156190000125207">
    <testcase name="test_name_must_not_be_longer_than_100_characters" lineno="17" classname="IngredientTest" assertions="2" time="0.011943000019527972">
    </testcase>
    <testcase name="test_name_must_be_present" lineno="10" classname="IngredientTest" assertions="2" time="0.0021249999990686774">
    </testcase>
    <testcase name="test_attributes" lineno="6" classname="IngredientTest" assertions="1" time="0.0015509999939240515">
    </testcase>
  </testsuite>
</testsuites>
